<?xml version="1.0" encoding="UTF-8"?>
<!-- Generated by org.testng.reporters.JUnitReportReporter -->
<testsuite hostname="ad-PC" name="com.package1.Apple3" tests="3" failures="0" timestamp="24 Jul 2017 09:52:45 GMT" time="0.001" errors="0">
  <testcase name="app3_2" time="0.000" classname="com.package1.Apple3"/>
  <testcase name="app3_3" time="0.000" classname="com.package1.Apple3"/>
  <testcase name="app3_1" time="0.001" classname="com.package1.Apple3"/>
</testsuite> <!-- com.package1.Apple3 -->
