<?xml version="1.0" encoding="UTF-8"?>
<!-- Generated by org.testng.reporters.JUnitReportReporter -->
<testsuite hostname="ad-PC" name="com.package3.Cupcake1" tests="3" failures="0" timestamp="26 Jul 2017 06:47:06 GMT" time="0.040" errors="0">
  <testcase name="cc1_2" time="0.001" classname="com.package3.Cupcake1"/>
  <testcase name="cc1_1" time="0.038" classname="com.package3.Cupcake1"/>
  <testcase name="cc1_3" time="0.001" classname="com.package3.Cupcake1"/>
</testsuite> <!-- com.package3.Cupcake1 -->
