<?xml version="1.0" encoding="UTF-8"?>
<!-- Generated by org.testng.reporters.JUnitReportReporter -->
<testsuite hostname="ad-PC" name="com.package2.Berry2" tests="3" failures="0" timestamp="24 Jul 2017 09:48:51 GMT" time="0.001" errors="0">
  <testcase name="br2_3" time="0.000" classname="com.package2.Berry2"/>
  <testcase name="br2_1" time="0.000" classname="com.package2.Berry2"/>
  <testcase name="br2_2" time="0.001" classname="com.package2.Berry2"/>
</testsuite> <!-- com.package2.Berry2 -->
