<?xml version="1.0" encoding="UTF-8"?>
<!-- Generated by org.testng.reporters.JUnitReportReporter -->
<testsuite hostname="ad-PC" name="com.package1.Apple2" tests="2" failures="0" timestamp="24 Jul 2017 09:58:48 GMT" time="0.001" errors="0">
  <testcase name="app2_2" time="0.001" classname="com.package1.Apple2"/>
  <testcase name="app2_3" time="0.000" classname="com.package1.Apple2"/>
</testsuite> <!-- com.package1.Apple2 -->
