<?xml version="1.0" encoding="UTF-8"?>
<!-- Generated by org.testng.reporters.JUnitReportReporter -->
<testsuite hostname="ad-PC" name="com.package1.Apple1" tests="4" failures="0" timestamp="26 Jul 2017 06:48:16 GMT" time="0.018" errors="0">
  <testcase name="surya" time="0.001" classname="com.package1.Apple1"/>
  <testcase name="app1_1" time="0.011" classname="com.package1.Apple1"/>
  <testcase name="app1_3" time="0.004" classname="com.package1.Apple1"/>
  <testcase name="app1_2" time="0.002" classname="com.package1.Apple1"/>
</testsuite> <!-- com.package1.Apple1 -->
