<?xml version="1.0" encoding="UTF-8"?>
<!-- Generated by org.testng.reporters.JUnitReportReporter -->
<testsuite hostname="ad-PC" name="com.package2.Berry1" tests="3" failures="0" timestamp="24 Jul 2017 09:48:51 GMT" time="0.003" errors="0">
  <testcase name="br1_3" time="0.001" classname="com.package2.Berry1"/>
  <testcase name="br1_2" time="0.001" classname="com.package2.Berry1"/>
  <testcase name="br1_1" time="0.001" classname="com.package2.Berry1"/>
</testsuite> <!-- com.package2.Berry1 -->
