<?xml version="1.0" encoding="UTF-8"?>
<!-- Generated by org.testng.reporters.JUnitReportReporter -->
<testsuite hostname="ad-PC" name="com.package3.Cupcake2" tests="3" failures="0" timestamp="26 Jul 2017 06:47:06 GMT" time="0.001" errors="0">
  <testcase name="cc2_2" time="0.000" classname="com.package3.Cupcake2"/>
  <testcase name="cc2_1" time="0.000" classname="com.package3.Cupcake2"/>
  <testcase name="cc2_3" time="0.001" classname="com.package3.Cupcake2"/>
</testsuite> <!-- com.package3.Cupcake2 -->
